<component name="libraryTable">
  <library name="junit.jupiter2" type="repository">
    <properties maven-id="org.junit.jupiter:junit-jupiter:5.8.1" />
    <CLASSES>
      <root url="jar://$USER_HOME$/.m2/repository/org/junit/jupiter/junit-jupiter/5.8.1/junit-jupiter-5.8.1.jar!/" />
      <root url="jar://$USER_HOME$/.m2/repository/org/junit/jupiter/junit-jupiter-api/5.8.1/junit-jupiter-api-5.8.1.jar!/" />
      <root url="jar://$USER_HOME$/.m2/repository/org/opentest4j/opentest4j/1.2.0/opentest4j-1.2.0.jar!/" />
      <root url="jar://$USER_HOME$/.m2/repository/org/junit/platform/junit-platform-commons/1.8.1/junit-platform-commons-1.8.1.jar!/" />
      <root url="jar://$USER_HOME$/.m2/repository/org/apiguardian/apiguardian-api/1.1.2/apiguardian-api-1.1.2.jar!/" />
      <root url="jar://$USER_HOME$/.m2/repository/org/junit/jupiter/junit-jupiter-params/5.8.1/junit-jupiter-params-5.8.1.jar!/" />
      <root url="jar://$USER_HOME$/.m2/repository/org/junit/jupiter/junit-jupiter-engine/5.8.1/junit-jupiter-engine-5.8.1.jar!/" />
      <root url="jar://$USER_HOME$/.m2/repository/org/junit/platform/junit-platform-engine/1.8.1/junit-platform-engine-1.8.1.jar!/" />
    </CLASSES>
    <JAVADOC />
    <SOURCES />
  </library>
</component>